# JRE version: Java(TM) SE Runtime Environment (17.0.9+11) (build 17.0.9+11-LTS-201)
# Java VM: Java HotSpot(TM) 64-Bit Server VM (17.0.9+11-LTS-201, mixed mode, sharing, tiered, compressed oops, compressed class ptrs, g1 gc, windows-amd64)
GC Precious Log:
 CPUs: 20 total, 20 available
 Memory: 16234M
 Large Page Support: Disabled
 NUMA Support: Disabled
 Compressed Oops: Enabled (32-bit)
 Heap Region Size: 1M
 Heap Min Capacity: 256M
 Heap Initial Capacity: 256M
 Heap Max Capacity: 512M
 Pre-touch: Disabled
 Parallel Workers: 15
 Concurrent Workers: 4
 Concurrent Refinement Workers: 15
 Periodic GC: Disabled
Heap:
 garbage-first heap   total 262144K, used 162937K [0x00000000e0000000, 0x0000000100000000)
  region size 1024K, 27 young (27648K), 4 survivors (4096K)
 Metaspace       used 92598K, committed 93632K, reserved 458752K
  class space    used 12489K, committed 12992K, reserved 327680K
GC Heap History (20 events):
Event: 284.094 GC heap before
{Heap before GC invocations=41 (full 0):
 garbage-first heap   total 262144K, used 217993K [0x00000000e0000000, 0x0000000100000000)
  region size 1024K, 102 young (104448K), 12 survivors (12288K)
 Metaspace       used 81541K, committed 82496K, reserved 458752K
  class space    used 11155K, committed 11584K, reserved 327680K
}
Event: 284.100 GC heap after
{Heap after GC invocations=42 (full 0):
 garbage-first heap   total 262144K, used 133522K [0x00000000e0000000, 0x0000000100000000)
  region size 1024K, 12 young (12288K), 12 survivors (12288K)
 Metaspace       used 81541K, committed 82496K, reserved 458752K
  class space    used 11155K, committed 11584K, reserved 327680K
}
Event: 284.378 GC heap before
{Heap before GC invocations=42 (full 0):
 garbage-first heap   total 262144K, used 219538K [0x00000000e0000000, 0x0000000100000000)
  region size 1024K, 96 young (98304K), 12 survivors (12288K)
 Metaspace       used 81858K, committed 82816K, reserved 458752K
  class space    used 11178K, committed 11584K, reserved 327680K
}
Event: 284.383 GC heap after
{Heap after GC invocations=43 (full 0):
 garbage-first heap   total 262144K, used 134512K [0x00000000e0000000, 0x0000000100000000)
  region size 1024K, 8 young (8192K), 8 survivors (8192K)
 Metaspace       used 81858K, committed 82816K, reserved 458752K
  class space    used 11178K, committed 11584K, reserved 327680K
}
Event: 284.534 GC heap before
{Heap before GC invocations=44 (full 0):
 garbage-first heap   total 262144K, used 220528K [0x00000000e0000000, 0x0000000100000000)
  region size 1024K, 93 young (95232K), 8 survivors (8192K)
 Metaspace       used 81779K, committed 82816K, reserved 458752K
  class space    used 11157K, committed 11584K, reserved 327680K
}
Event: 284.537 GC heap after
{Heap after GC invocations=45 (full 0):
 garbage-first heap   total 262144K, used 133802K [0x00000000e0000000, 0x0000000100000000)
  region size 1024K, 2 young (2048K), 2 survivors (2048K)
 Metaspace       used 81779K, committed 82816K, reserved 458752K
  class space    used 11157K, committed 11584K, reserved 327680K
}
Event: 284.553 GC heap before
{Heap before GC invocations=45 (full 0):
 garbage-first heap   total 262144K, used 144042K [0x00000000e0000000, 0x0000000100000000)
  region size 1024K, 12 young (12288K), 2 survivors (2048K)
 Metaspace       used 81779K, committed 82816K, reserved 458752K
  class space    used 11157K, committed 11584K, reserved 327680K
}
Event: 284.554 GC heap after
{Heap after GC invocations=46 (full 0):
 garbage-first heap   total 262144K, used 129118K [0x00000000e0000000, 0x0000000100000000)
  region size 1024K, 2 young (2048K), 2 survivors (2048K)
 Metaspace       used 81779K, committed 82816K, reserved 458752K
  class space    used 11157K, committed 11584K, reserved 327680K
}
Event: 284.694 GC heap before
{Heap before GC invocations=46 (full 0):
 garbage-first heap   total 262144K, used 223326K [0x00000000e0000000, 0x0000000100000000)
  region size 1024K, 94 young (96256K), 2 survivors (2048K)
 Metaspace       used 81779K, committed 82816K, reserved 458752K
  class space    used 11157K, committed 11584K, reserved 327680K
}
Event: 284.695 GC heap after
{Heap after GC invocations=47 (full 0):
 garbage-first heap   total 262144K, used 128590K [0x00000000e0000000, 0x0000000100000000)
  region size 1024K, 1 young (1024K), 1 survivors (1024K)
 Metaspace       used 81779K, committed 82816K, reserved 458752K
  class space    used 11157K, committed 11584K, reserved 327680K
}
Event: 284.807 GC heap before
{Heap before GC invocations=48 (full 0):
 garbage-first heap   total 262144K, used 225870K [0x00000000e0000000, 0x0000000100000000)
  region size 1024K, 96 young (98304K), 1 survivors (1024K)
 Metaspace       used 81659K, committed 82816K, reserved 458752K
  class space    used 11132K, committed 11584K, reserved 327680K
}
Event: 284.808 GC heap after
{Heap after GC invocations=49 (full 0):
 garbage-first heap   total 262144K, used 128831K [0x00000000e0000000, 0x0000000100000000)
  region size 1024K, 2 young (2048K), 2 survivors (2048K)
 Metaspace       used 81659K, committed 82816K, reserved 458752K
  class space    used 11132K, committed 11584K, reserved 327680K
}
Event: 284.820 GC heap before
{Heap before GC invocations=49 (full 0):
 garbage-first heap   total 262144K, used 139071K [0x00000000e0000000, 0x0000000100000000)
  region size 1024K, 12 young (12288K), 2 survivors (2048K)
 Metaspace       used 81659K, committed 82816K, reserved 458752K
  class space    used 11132K, committed 11584K, reserved 327680K
}
Event: 284.822 GC heap after
{Heap after GC invocations=50 (full 0):
 garbage-first heap   total 262144K, used 126325K [0x00000000e0000000, 0x0000000100000000)
  region size 1024K, 1 young (1024K), 1 survivors (1024K)
 Metaspace       used 81659K, committed 82816K, reserved 458752K
  class space    used 11132K, committed 11584K, reserved 327680K
}
Event: 285.343 GC heap before
{Heap before GC invocations=50 (full 0):
 garbage-first heap   total 262144K, used 226677K [0x00000000e0000000, 0x0000000100000000)
  region size 1024K, 99 young (101376K), 1 survivors (1024K)
 Metaspace       used 90150K, committed 91200K, reserved 458752K
  class space    used 12210K, committed 12672K, reserved 327680K
}
Event: 285.346 GC heap after
{Heap after GC invocations=51 (full 0):
 garbage-first heap   total 262144K, used 136132K [0x00000000e0000000, 0x0000000100000000)
  region size 1024K, 10 young (10240K), 10 survivors (10240K)
 Metaspace       used 90150K, committed 91200K, reserved 458752K
  class space    used 12210K, committed 12672K, reserved 327680K
}
Event: 285.607 GC heap before
{Heap before GC invocations=51 (full 0):
 garbage-first heap   total 262144K, used 219076K [0x00000000e0000000, 0x0000000100000000)
  region size 1024K, 91 young (93184K), 10 survivors (10240K)
 Metaspace       used 92589K, committed 93632K, reserved 458752K
  class space    used 12489K, committed 12992K, reserved 327680K
}
Event: 285.612 GC heap after
{Heap after GC invocations=52 (full 0):
 garbage-first heap   total 262144K, used 138003K [0x00000000e0000000, 0x0000000100000000)
  region size 1024K, 9 young (9216K), 9 survivors (9216K)
 Metaspace       used 92589K, committed 93632K, reserved 458752K
  class space    used 12489K, committed 12992K, reserved 327680K
}
Event: 285.701 GC heap before
{Heap before GC invocations=52 (full 0):
 garbage-first heap   total 262144K, used 215827K [0x00000000e0000000, 0x0000000100000000)
  region size 1024K, 86 young (88064K), 9 survivors (9216K)
 Metaspace       used 92598K, committed 93632K, reserved 458752K
  class space    used 12489K, committed 12992K, reserved 327680K
}
Event: 285.705 GC heap after
{Heap after GC invocations=53 (full 0):
 garbage-first heap   total 262144K, used 141433K [0x00000000e0000000, 0x0000000100000000)
  region size 1024K, 4 young (4096K), 4 survivors (4096K)
 Metaspace       used 92598K, committed 93632K, reserved 458752K
  class space    used 12489K, committed 12992K, reserved 327680K
}

